<?xml version="1.0" encoding="UTF-8"?>
<testsuite xmlns:xsi="http://www.w3.org/2001/XMLSchema-instance" xsi:schemaLocation="https://maven.apache.org/surefire/maven-surefire-plugin/xsd/surefire-test-report.xsd" name="TestSuite" time="416.183" tests="38" errors="0" skipped="0" failures="0">
  <properties>
[...]
</properties>
  <testcase name="runScenario" classname="Runner_Files.Landing_welcome_positive_scenarios_runner" time="98.654"/>
  <testcase name="runScenario" classname="Runner_Files.Landing_welcome_positive_scenarios_runner" time="5.161"/>
  <testcase name="runScenario" classname="Runner_Files.Landing_welcome_positive_scenarios_runner" time="6.221"/>
  <testcase name="runScenario" classname="Runner_Files.Signup_negative_scenarios_runner" time="45.304"/>
  <testcase name="runScenario" classname="Runner_Files.Signup_negative_scenarios_runner" time="4.016"/>
  <testcase name="runScenario" classname="Runner_Files.Signup_negative_scenarios_runner" time="3.249"/>
  <testcase name="runScenario" classname="Runner_Files.Signup_negative_scenarios_runner" time="3.252"/>
  <testcase name="runScenario" classname="Runner_Files.Signup_negative_scenarios_runner" time="2.978"/>
  <testcase name="runScenario" classname="Runner_Files.Signup_negative_scenarios_runner" time="5.421"/>
  <testcase name="runScenario" classname="Runner_Files.Signup_negative_scenarios_runner" time="2.802"/>
  <testcase name="runScenario" classname="Runner_Files.Signup_negative_scenarios_runner" time="2.496"/>
  <testcase name="runScenario" classname="Runner_Files.Signup_negative_scenarios_runner" time="3.729"/>
  <testcase name="runScenario" classname="Runner_Files.Signup_negative_scenarios_runner" time="1.903"/>
  <testcase name="runScenario" classname="Runner_Files.Signup_positive_scenarios_runner" time="23.109"/>
  <testcase name="runScenario" classname="Runner_Files.Signup_positive_scenarios_runner" time="4.004"/>
  <testcase name="runScenario" classname="Runner_Files.Signup_positive_scenarios_runner" time="3.396"/>
  <testcase name="runScenario" classname="Runner_Files.Signup_positive_scenarios_runner" time="1.633"/>
  <testcase name="runScenario" classname="Runner_Files.Signup_positive_scenarios_runner" time="1.733"/>
  <testcase name="runScenario" classname="Runner_Files.Signup_positive_scenarios_runner" time="3.145"/>
  <testcase name="runScenario" classname="Runner_Files.Signup_positive_scenarios_runner" time="4.271"/>
  <testcase name="runScenario" classname="Runner_Files.Login_negative_scenarios_runner" time="28.937"/>
  <testcase name="runScenario" classname="Runner_Files.Login_negative_scenarios_runner" time="4.49"/>
  <testcase name="runScenario" classname="Runner_Files.Login_negative_scenarios_runner" time="3.501"/>
  <testcase name="runScenario" classname="Runner_Files.Login_negative_scenarios_runner" time="4.249"/>
  <testcase name="runScenario" classname="Runner_Files.Login_negative_scenarios_runner" time="4.089"/>
  <testcase name="runScenario" classname="Runner_Files.Login_negative_scenarios_runner" time="1.193"/>
  <testcase name="runScenario" classname="Runner_Files.Login_negative_scenarios_runner" time="1.538"/>
  <testcase name="runScenario" classname="Runner_Files.Login_positive_scenarios_runner" time="80.464"/>
  <testcase name="runScenario" classname="Runner_Files.Login_positive_scenarios_runner" time="5.283"/>
  <testcase name="runScenario" classname="Runner_Files.Login_positive_scenarios_runner" time="4.116"/>
  <testcase name="runScenario" classname="Runner_Files.Login_positive_scenarios_runner" time="1.11"/>
  <testcase name="runScenario" classname="Runner_Files.Login_positive_scenarios_runner" time="7.617"/>
  <testcase name="runScenario" classname="Runner_Files.Login_positive_scenarios_runner" time="4.109"/>
  <testcase name="runScenario" classname="Runner_Files.Forgot_password_negative_scenarios_runner" time="17.586"/>
  <testcase name="runScenario" classname="Runner_Files.Forgot_password_negative_scenarios_runner" time="3.551"/>
  <testcase name="runScenario" classname="Runner_Files.Forgot_password_negative_scenarios_runner" time="0.089"/>
  <testcase name="runScenario" classname="Runner_Files.Forgot_password_negative_scenarios_runner" time="0.109"/>
  <testcase name="runScenario" classname="Runner_Files.Forgot_password_negative_scenarios_runner" time="0.033"/>
</testsuite>