<?xml version="1.0" encoding="UTF-8"?>
<!-- Generated by org.testng.reporters.JUnitReportReporter -->
<testsuite hostname="DELL-L4N91MT" failures="0" tests="6" name="Runner_Files.Login_positive_scenarios_runner" time="102.697" errors="0" timestamp="2021-04-17T19:57:50 IST" skipped="0">
  <testcase classname="Runner_Files.Login_positive_scenarios_runner" name="runScenario" time="80.465"/>
  <system-out/>
  <testcase classname="Runner_Files.Login_positive_scenarios_runner" name="runScenario" time="7.617"/>
  <system-out/>
  <testcase classname="Runner_Files.Login_positive_scenarios_runner" name="runScenario" time="5.282"/>
  <system-out/>
  <testcase classname="Runner_Files.Login_positive_scenarios_runner" name="runScenario" time="1.110"/>
  <system-out/>
  <testcase classname="Runner_Files.Login_positive_scenarios_runner" name="runScenario" time="4.115"/>
  <system-out/>
  <testcase classname="Runner_Files.Login_positive_scenarios_runner" name="runScenario" time="4.108"/>
  <system-out/>
</testsuite> <!-- Runner_Files.Login_positive_scenarios_runner -->
