<?xml version="1.0" encoding="UTF-8"?>
<!-- Generated by org.testng.reporters.JUnitReportReporter -->
<testsuite hostname="DELL-L4N91MT" failures="0" tests="7" name="Runner_Files.Login_negative_scenarios_runner" time="48.033" errors="0" timestamp="2021-04-17T19:57:50 IST" skipped="0">
  <testcase classname="Runner_Files.Login_negative_scenarios_runner" name="runScenario" time="4.249"/>
  <system-out/>
  <testcase classname="Runner_Files.Login_negative_scenarios_runner" name="runScenario" time="28.933"/>
  <system-out/>
  <testcase classname="Runner_Files.Login_negative_scenarios_runner" name="runScenario" time="4.530"/>
  <system-out/>
  <testcase classname="Runner_Files.Login_negative_scenarios_runner" name="runScenario" time="4.089"/>
  <system-out/>
  <testcase classname="Runner_Files.Login_negative_scenarios_runner" name="runScenario" time="3.502"/>
  <system-out/>
  <testcase classname="Runner_Files.Login_negative_scenarios_runner" name="runScenario" time="1.192"/>
  <system-out/>
  <testcase classname="Runner_Files.Login_negative_scenarios_runner" name="runScenario" time="1.538"/>
  <system-out/>
</testsuite> <!-- Runner_Files.Login_negative_scenarios_runner -->
