<?xml version="1.0" encoding="UTF-8"?>
<!-- Generated by org.testng.reporters.JUnitReportReporter -->
<testsuite hostname="DELL-L4N91MT" failures="0" tests="10" name="Runner_Files.Signup_negative_scenarios_runner" time="75.147" errors="0" timestamp="2021-04-17T19:57:50 IST" skipped="0">
  <testcase classname="Runner_Files.Signup_negative_scenarios_runner" name="runScenario" time="3.248"/>
  <system-out/>
  <testcase classname="Runner_Files.Signup_negative_scenarios_runner" name="runScenario" time="3.251"/>
  <system-out/>
  <testcase classname="Runner_Files.Signup_negative_scenarios_runner" name="runScenario" time="5.420"/>
  <system-out/>
  <testcase classname="Runner_Files.Signup_negative_scenarios_runner" name="runScenario" time="1.903"/>
  <system-out/>
  <testcase classname="Runner_Files.Signup_negative_scenarios_runner" name="runScenario" time="45.304"/>
  <system-out/>
  <testcase classname="Runner_Files.Signup_negative_scenarios_runner" name="runScenario" time="2.978"/>
  <system-out/>
  <testcase classname="Runner_Files.Signup_negative_scenarios_runner" name="runScenario" time="2.801"/>
  <system-out/>
  <testcase classname="Runner_Files.Signup_negative_scenarios_runner" name="runScenario" time="2.496"/>
  <system-out/>
  <testcase classname="Runner_Files.Signup_negative_scenarios_runner" name="runScenario" time="4.016"/>
  <system-out/>
  <testcase classname="Runner_Files.Signup_negative_scenarios_runner" name="runScenario" time="3.730"/>
  <system-out/>
</testsuite> <!-- Runner_Files.Signup_negative_scenarios_runner -->
