<?xml version="1.0" encoding="UTF-8"?>
<!-- Generated by org.testng.reporters.JUnitReportReporter -->
<testsuite hostname="DELL-L4N91MT" failures="0" tests="3" name="Runner_Files.Landing_welcome_positive_scenarios_runner" time="110.036" errors="0" timestamp="2021-04-17T19:57:50 IST" skipped="0">
  <testcase classname="Runner_Files.Landing_welcome_positive_scenarios_runner" name="runScenario" time="98.650"/>
  <system-out/>
  <testcase classname="Runner_Files.Landing_welcome_positive_scenarios_runner" name="runScenario" time="5.165"/>
  <system-out/>
  <testcase classname="Runner_Files.Landing_welcome_positive_scenarios_runner" name="runScenario" time="6.221"/>
  <system-out/>
</testsuite> <!-- Runner_Files.Landing_welcome_positive_scenarios_runner -->
