<?xml version="1.0" encoding="UTF-8"?>
<!-- Generated by org.testng.reporters.JUnitReportReporter -->
<testsuite hostname="DELL-L4N91MT" failures="0" tests="5" name="Runner_Files.Forgot_password_negative_scenarios_runner" time="19.410" errors="0" timestamp="2021-04-17T19:57:50 IST" skipped="0">
  <testcase classname="Runner_Files.Forgot_password_negative_scenarios_runner" name="runScenario" time="0.394"/>
  <system-out/>
  <testcase classname="Runner_Files.Forgot_password_negative_scenarios_runner" name="runScenario" time="0.637"/>
  <system-out/>
  <testcase classname="Runner_Files.Forgot_password_negative_scenarios_runner" name="runScenario" time="0.277"/>
  <system-out/>
  <testcase classname="Runner_Files.Forgot_password_negative_scenarios_runner" name="runScenario" time="0.513"/>
  <system-out/>
  <testcase classname="Runner_Files.Forgot_password_negative_scenarios_runner" name="runScenario" time="17.589"/>
  <system-out/>
</testsuite> <!-- Runner_Files.Forgot_password_negative_scenarios_runner -->
